[INFO ] 2023-01-19 15:21:23.399 [main] CompareSamsungStepDef - user launch borwser
[INFO ] 2023-01-19 15:21:23.828 [main] CompareSamsungStepDef - user opens flipcart.com
[INFO ] 2023-01-19 15:21:24.447 [main] CompareSamsungStepDef - user cancles login popup
[INFO ] 2023-01-19 15:21:24.874 [main] CompareSamsungStepDef - user can view homepage
[INFO ] 2023-01-19 15:21:25.349 [main] CompareSamsungStepDef - user click on Mobile&Tablet
[INFO ] 2023-01-19 15:21:26.445 [main] CompareSamsungStepDef - user click on electronics and samsung
[INFO ] 2023-01-19 15:21:27.064 [main] CompareSamsungStepDef - click on SAMSUNG Galaxy A53
[INFO ] 2023-01-19 15:21:31.065 [main] CompareSamsungStepDef - click on Compare and Compare
[INFO ] 2023-01-19 15:21:49.173 [main] CompareSamsungStepDef - select another three mobiles
[INFO ] 2023-01-19 15:21:49.986 [main] CompareSamsungStepDef - add to cart who have maximum Reviews
[INFO ] 2023-01-19 15:21:50.847 [main] CompareSamsungStepDef - validate {string}
[INFO ] 2023-01-19 15:21:50.920 [main] CompareSamsungStepDef - ----------end of logs----------
[INFO ] 2023-01-19 15:22:22.332 [main] CompareSamsungStepDef - ----------end of logs----------
[INFO ] 2023-01-19 15:22:22.537 [main] CompareSamsungStepDef - ----------end of logs----------
[INFO ] 2023-01-19 15:23:27.028 [main] CompareSamsungStepDef - user launch borwser
[INFO ] 2023-01-19 15:23:27.257 [main] CompareSamsungStepDef - user opens flipcart.com
[INFO ] 2023-01-19 15:23:27.601 [main] CompareSamsungStepDef - user cancles login popup
[INFO ] 2023-01-19 15:23:27.882 [main] CompareSamsungStepDef - user can view homepage
[INFO ] 2023-01-19 15:23:28.221 [main] CompareSamsungStepDef - user click on Mobile&Tablet
[INFO ] 2023-01-19 15:23:32.383 [main] CompareSamsungStepDef - user click on electronics and samsung
[INFO ] 2023-01-19 15:23:34.137 [main] CompareSamsungStepDef - click on SAMSUNG Galaxy A53
[INFO ] 2023-01-19 15:23:45.839 [main] CompareSamsungStepDef - click on Compare and Compare
[INFO ] 2023-01-19 15:23:53.012 [main] CompareSamsungStepDef - select another three mobiles
[INFO ] 2023-01-19 15:23:53.790 [main] CompareSamsungStepDef - add to cart who have maximum Reviews
[INFO ] 2023-01-19 15:23:56.949 [main] CompareSamsungStepDef - validate {string}
[INFO ] 2023-01-19 15:23:57.080 [main] CompareSamsungStepDef - ----------end of logs----------
[INFO ] 2023-01-19 15:24:28.507 [main] CompareSamsungStepDef - ----------end of logs----------
[INFO ] 2023-01-19 15:24:28.744 [main] CompareSamsungStepDef - ----------end of logs----------
[INFO ] 2023-01-19 15:35:55.211 [main] CompareSamsungStepDef - user launch borwser
[INFO ] 2023-01-19 15:35:56.041 [main] CompareSamsungStepDef - user opens flipcart.com
[INFO ] 2023-01-19 15:35:56.888 [main] CompareSamsungStepDef - user cancles login popup
[INFO ] 2023-01-19 15:35:57.933 [main] CompareSamsungStepDef - user can view homepage
[INFO ] 2023-01-19 15:35:58.800 [main] CompareSamsungStepDef - user click on Mobile&Tablet
[INFO ] 2023-01-19 15:36:00.168 [main] CompareSamsungStepDef - user click on electronics and samsung
[INFO ] 2023-01-19 15:36:00.936 [main] CompareSamsungStepDef - click on SAMSUNG Galaxy A53
[INFO ] 2023-01-19 15:36:03.814 [main] CompareSamsungStepDef - click on Compare and Compare
[INFO ] 2023-01-19 15:36:06.308 [main] CompareSamsungStepDef - select another three mobiles
[INFO ] 2023-01-19 15:36:07.103 [main] CompareSamsungStepDef - add to cart who have maximum Reviews
[INFO ] 2023-01-19 15:36:08.329 [main] CompareSamsungStepDef - validate {string}
[INFO ] 2023-01-19 15:36:08.512 [main] CompareSamsungStepDef - ----------end of logs----------
[INFO ] 2023-01-19 15:36:11.814 [main] CompareSamsungStepDef - user launch borwser
[INFO ] 2023-01-19 15:36:12.223 [main] CompareSamsungStepDef - user opens flipcart.com
[INFO ] 2023-01-19 15:36:12.793 [main] CompareSamsungStepDef - user cancles login popup
[INFO ] 2023-01-19 15:36:13.415 [main] CompareSamsungStepDef - user can view homepage
[INFO ] 2023-01-19 15:36:18.284 [main] CompareSamsungStepDef - validate {string}
[INFO ] 2023-01-19 15:36:18.411 [main] CompareSamsungStepDef - ----------end of logs----------
[INFO ] 2023-01-19 15:36:18.635 [main] CompareSamsungStepDef - ----------end of logs----------
